2022-01-30 21:55:14,585 +0530 [main] INFO  (TestBaseClass.java:65) - Lanching browser :EDGE
2022-01-30 21:55:22,738 +0530 [main] INFO  (TestBaseClass.java:82) - Browser Window Closed
2022-01-30 21:55:26,364 +0530 [main] INFO  (TestBaseClass.java:65) - Lanching browser :EDGE
2022-01-30 21:55:33,152 +0530 [main] INFO  (TestBaseClass.java:82) - Browser Window Closed
2022-01-30 21:55:39,042 +0530 [main] INFO  (TestBaseClass.java:89) - Email report sent
2022-01-30 22:11:26,770 +0530 [main] INFO  (TestBaseClass.java:65) - Lanching browser :EDGE
2022-01-30 22:11:36,321 +0530 [main] INFO  (TestBaseClass.java:82) - Browser Window Closed
2022-01-30 22:11:40,185 +0530 [main] INFO  (TestBaseClass.java:65) - Lanching browser :EDGE
2022-01-30 22:11:50,831 +0530 [main] INFO  (TestBaseClass.java:82) - Browser Window Closed
2022-01-30 22:11:56,037 +0530 [main] INFO  (TestBaseClass.java:89) - Email report sent
2022-01-31 18:14:40,271 +0530 [main] INFO  (TestBaseClass.java:65) - Lanching browser :EDGE
2022-01-31 18:14:48,017 +0530 [main] INFO  (SeleneiumUtilities.java:16) - invalid selector: Unable to locate an element with the xpath expression //input[contains(@id,'login')]asdasd because of the following error:
SyntaxError: Failed to execute 'evaluate' on 'Document': The string '//input[contains(@id,'login')]asdasd' is not a valid XPath expression.
  (Session info: MicrosoftEdge=97.0.1072.76)
For documentation on this error, please visit: https://selenium.dev/exceptions/#invalid_selector_exception
Build info: version: '4.1.1', revision: 'e8fcc2cecf'
System info: host: 'DESKTOP-I7N3PLM', ip: '192.168.1.17', os.name: 'Windows 10', os.arch: 'amd64', os.version: '10.0', java.version: '17.0.1'
Driver info: org.openqa.selenium.edge.EdgeDriver
Command: [45e41f0d6a5aa9ef79533fecebf3f67b, findElement {using=xpath, value=//input[contains(@id,'login')]asdasd}]
Capabilities {acceptInsecureCerts: false, browserName: msedge, browserVersion: 97.0.1072.76, javascriptEnabled: true, ms:edgeOptions: {debuggerAddress: localhost:64744}, msedge: {msedgedriverVersion: 97.0.1072.76 (67eb904139a24..., userDataDir: C:\Users\Vaaman\AppData\Loc...}, networkConnectionEnabled: false, pageLoadStrategy: normal, platform: WINDOWS, platformName: WINDOWS, proxy: Proxy(), se:cdp: ws://localhost:64744/devtoo..., se:cdpVersion: 97.0.1072.76, setWindowRect: true, strictFileInteractability: false, timeouts: {implicit: 0, pageLoad: 300000, script: 30000}, unhandledPromptBehavior: dismiss and notify, webauthn:extension:credBlob: true, webauthn:extension:largeBlob: true, webauthn:virtualAuthenticators: true}
Session ID: 45e41f0d6a5aa9ef79533fecebf3f67b
2022-01-31 18:14:49,024 +0530 [main] INFO  (TestBaseClass.java:82) - Browser Window Closed
2022-01-31 18:14:51,130 +0530 [main] INFO  (TestBaseClass.java:65) - Lanching browser :EDGE
2022-01-31 18:14:57,357 +0530 [main] INFO  (SeleneiumUtilities.java:16) - invalid selector: Unable to locate an element with the xpath expression //input[contains(@id,'login')]asdasd because of the following error:
SyntaxError: Failed to execute 'evaluate' on 'Document': The string '//input[contains(@id,'login')]asdasd' is not a valid XPath expression.
  (Session info: MicrosoftEdge=97.0.1072.76)
For documentation on this error, please visit: https://selenium.dev/exceptions/#invalid_selector_exception
Build info: version: '4.1.1', revision: 'e8fcc2cecf'
System info: host: 'DESKTOP-I7N3PLM', ip: '192.168.1.17', os.name: 'Windows 10', os.arch: 'amd64', os.version: '10.0', java.version: '17.0.1'
Driver info: org.openqa.selenium.edge.EdgeDriver
Command: [76807932e7c2513467d0c7d389165770, findElement {using=xpath, value=//input[contains(@id,'login')]asdasd}]
Capabilities {acceptInsecureCerts: false, browserName: msedge, browserVersion: 97.0.1072.76, javascriptEnabled: true, ms:edgeOptions: {debuggerAddress: localhost:64848}, msedge: {msedgedriverVersion: 97.0.1072.76 (67eb904139a24..., userDataDir: C:\Users\Vaaman\AppData\Loc...}, networkConnectionEnabled: false, pageLoadStrategy: normal, platform: WINDOWS, platformName: WINDOWS, proxy: Proxy(), se:cdp: ws://localhost:64848/devtoo..., se:cdpVersion: 97.0.1072.76, setWindowRect: true, strictFileInteractability: false, timeouts: {implicit: 0, pageLoad: 300000, script: 30000}, unhandledPromptBehavior: dismiss and notify, webauthn:extension:credBlob: true, webauthn:extension:largeBlob: true, webauthn:virtualAuthenticators: true}
Session ID: 76807932e7c2513467d0c7d389165770
2022-01-31 18:14:59,007 +0530 [main] INFO  (TestBaseClass.java:82) - Browser Window Closed
2022-01-31 18:15:04,509 +0530 [main] INFO  (TestBaseClass.java:89) - Email report sent
2022-01-31 19:15:22,514 +0530 [main] ERROR (TestBaseClass.java:69) - Cannot find firefox binary in PATH. Make sure firefox is installed. OS appears to be: WIN10
Build info: version: '4.1.1', revision: 'e8fcc2cecf'
System info: host: 'DESKTOP-I7N3PLM', ip: '192.168.40.97', os.name: 'Windows 10', os.arch: 'amd64', os.version: '10.0', java.version: '17.0.1'
Driver info: driver.version: FirefoxDriver
2022-01-31 19:15:22,722 +0530 [main] WARN  (SeleneiumUtilities.java:16) - Cannot invoke "org.openqa.selenium.WebDriver.findElement(org.openqa.selenium.By)" because "driver" is null
2022-01-31 19:15:22,922 +0530 [main] WARN  (SeleneiumUtilities.java:16) - Cannot invoke "org.openqa.selenium.WebDriver.findElement(org.openqa.selenium.By)" because "driver" is null
2022-01-31 19:15:22,958 +0530 [main] WARN  (SeleneiumUtilities.java:16) - Cannot invoke "org.openqa.selenium.WebDriver.findElement(org.openqa.selenium.By)" because "driver" is null
2022-01-31 19:15:23,033 +0530 [main] WARN  (SeleneiumUtilities.java:16) - Cannot invoke "org.openqa.selenium.WebDriver.findElement(org.openqa.selenium.By)" because "driver" is null
2022-01-31 19:15:23,070 +0530 [main] WARN  (SeleneiumUtilities.java:16) - Cannot invoke "org.openqa.selenium.WebDriver.findElement(org.openqa.selenium.By)" because "driver" is null
2022-01-31 19:15:23,116 +0530 [main] WARN  (SeleneiumUtilities.java:16) - Cannot invoke "org.openqa.selenium.WebDriver.findElement(org.openqa.selenium.By)" because "driver" is null
2022-01-31 19:15:23,130 +0530 [main] ERROR (TestBaseClass.java:103) - Cannot invoke "org.openqa.selenium.WebDriver.quit()" because "this.driver" is null
2022-01-31 19:15:23,267 +0530 [main] ERROR (TestBaseClass.java:69) - Cannot find firefox binary in PATH. Make sure firefox is installed. OS appears to be: WIN10
Build info: version: '4.1.1', revision: 'e8fcc2cecf'
System info: host: 'DESKTOP-I7N3PLM', ip: '192.168.40.97', os.name: 'Windows 10', os.arch: 'amd64', os.version: '10.0', java.version: '17.0.1'
Driver info: driver.version: FirefoxDriver
2022-01-31 19:15:23,274 +0530 [main] WARN  (SeleneiumUtilities.java:16) - Cannot invoke "org.openqa.selenium.WebDriver.findElement(org.openqa.selenium.By)" because "driver" is null
2022-01-31 19:15:23,298 +0530 [main] WARN  (SeleneiumUtilities.java:16) - Cannot invoke "org.openqa.selenium.WebDriver.findElement(org.openqa.selenium.By)" because "driver" is null
2022-01-31 19:15:23,327 +0530 [main] WARN  (SeleneiumUtilities.java:16) - Cannot invoke "org.openqa.selenium.WebDriver.findElement(org.openqa.selenium.By)" because "driver" is null
2022-01-31 19:15:23,339 +0530 [main] WARN  (SeleneiumUtilities.java:16) - Cannot invoke "org.openqa.selenium.WebDriver.findElement(org.openqa.selenium.By)" because "driver" is null
2022-01-31 19:15:23,352 +0530 [main] WARN  (SeleneiumUtilities.java:16) - Cannot invoke "org.openqa.selenium.WebDriver.findElement(org.openqa.selenium.By)" because "driver" is null
2022-01-31 19:15:23,374 +0530 [main] WARN  (SeleneiumUtilities.java:16) - Cannot invoke "org.openqa.selenium.WebDriver.findElement(org.openqa.selenium.By)" because "driver" is null
2022-01-31 19:15:23,380 +0530 [main] ERROR (TestBaseClass.java:103) - Cannot invoke "org.openqa.selenium.WebDriver.quit()" because "this.driver" is null
2022-01-31 19:15:23,449 +0530 [main] ERROR (TestBaseClass.java:69) - Cannot find firefox binary in PATH. Make sure firefox is installed. OS appears to be: WIN10
Build info: version: '4.1.1', revision: 'e8fcc2cecf'
System info: host: 'DESKTOP-I7N3PLM', ip: '192.168.40.97', os.name: 'Windows 10', os.arch: 'amd64', os.version: '10.0', java.version: '17.0.1'
Driver info: driver.version: FirefoxDriver
2022-01-31 19:15:23,459 +0530 [main] WARN  (SeleneiumUtilities.java:16) - Cannot invoke "org.openqa.selenium.WebDriver.findElement(org.openqa.selenium.By)" because "driver" is null
2022-01-31 19:15:23,477 +0530 [main] WARN  (SeleneiumUtilities.java:16) - Cannot invoke "org.openqa.selenium.WebDriver.findElement(org.openqa.selenium.By)" because "driver" is null
2022-01-31 19:15:23,496 +0530 [main] WARN  (SeleneiumUtilities.java:16) - Cannot invoke "org.openqa.selenium.WebDriver.findElement(org.openqa.selenium.By)" because "driver" is null
2022-01-31 19:15:23,518 +0530 [main] WARN  (SeleneiumUtilities.java:16) - Cannot invoke "org.openqa.selenium.WebDriver.findElement(org.openqa.selenium.By)" because "driver" is null
2022-01-31 19:15:23,563 +0530 [main] WARN  (SeleneiumUtilities.java:16) - Cannot invoke "org.openqa.selenium.WebDriver.findElement(org.openqa.selenium.By)" because "driver" is null
2022-01-31 19:15:23,575 +0530 [main] WARN  (SeleneiumUtilities.java:16) - Cannot invoke "org.openqa.selenium.WebDriver.findElement(org.openqa.selenium.By)" because "driver" is null
2022-01-31 19:15:23,580 +0530 [main] ERROR (TestBaseClass.java:103) - Cannot invoke "org.openqa.selenium.WebDriver.quit()" because "this.driver" is null
2022-01-31 19:15:31,188 +0530 [main] INFO  (TestBaseClass.java:112) - Email report sent
2022-01-31 19:22:22,138 +0530 [main] ERROR (TestBaseClass.java:69) - Cannot find firefox binary in PATH. Make sure firefox is installed. OS appears to be: WIN10
Build info: version: '4.1.1', revision: 'e8fcc2cecf'
System info: host: 'DESKTOP-I7N3PLM', ip: '192.168.40.97', os.name: 'Windows 10', os.arch: 'amd64', os.version: '10.0', java.version: '17.0.1'
Driver info: driver.version: FirefoxDriver
2022-01-31 19:22:22,267 +0530 [main] WARN  (SeleneiumUtilities.java:16) - Cannot invoke "org.openqa.selenium.WebDriver.findElement(org.openqa.selenium.By)" because "driver" is null
2022-01-31 19:22:22,473 +0530 [main] WARN  (SeleneiumUtilities.java:16) - Cannot invoke "org.openqa.selenium.WebDriver.findElement(org.openqa.selenium.By)" because "driver" is null
2022-01-31 19:22:22,493 +0530 [main] WARN  (SeleneiumUtilities.java:16) - Cannot invoke "org.openqa.selenium.WebDriver.findElement(org.openqa.selenium.By)" because "driver" is null
2022-01-31 19:22:22,559 +0530 [main] WARN  (SeleneiumUtilities.java:16) - Cannot invoke "org.openqa.selenium.WebDriver.findElement(org.openqa.selenium.By)" because "driver" is null
2022-01-31 19:22:22,592 +0530 [main] WARN  (SeleneiumUtilities.java:16) - Cannot invoke "org.openqa.selenium.WebDriver.findElement(org.openqa.selenium.By)" because "driver" is null
2022-01-31 19:22:22,617 +0530 [main] WARN  (SeleneiumUtilities.java:16) - Cannot invoke "org.openqa.selenium.WebDriver.findElement(org.openqa.selenium.By)" because "driver" is null
2022-01-31 19:22:22,638 +0530 [main] ERROR (TestBaseClass.java:103) - Cannot invoke "org.openqa.selenium.WebDriver.quit()" because "this.driver" is null
2022-01-31 19:22:22,780 +0530 [main] ERROR (TestBaseClass.java:69) - Cannot find firefox binary in PATH. Make sure firefox is installed. OS appears to be: WIN10
Build info: version: '4.1.1', revision: 'e8fcc2cecf'
System info: host: 'DESKTOP-I7N3PLM', ip: '192.168.40.97', os.name: 'Windows 10', os.arch: 'amd64', os.version: '10.0', java.version: '17.0.1'
Driver info: driver.version: FirefoxDriver
2022-01-31 19:22:22,789 +0530 [main] WARN  (SeleneiumUtilities.java:16) - Cannot invoke "org.openqa.selenium.WebDriver.findElement(org.openqa.selenium.By)" because "driver" is null
2022-01-31 19:22:22,804 +0530 [main] WARN  (SeleneiumUtilities.java:16) - Cannot invoke "org.openqa.selenium.WebDriver.findElement(org.openqa.selenium.By)" because "driver" is null
2022-01-31 19:22:22,829 +0530 [main] WARN  (SeleneiumUtilities.java:16) - Cannot invoke "org.openqa.selenium.WebDriver.findElement(org.openqa.selenium.By)" because "driver" is null
2022-01-31 19:22:22,846 +0530 [main] WARN  (SeleneiumUtilities.java:16) - Cannot invoke "org.openqa.selenium.WebDriver.findElement(org.openqa.selenium.By)" because "driver" is null
2022-01-31 19:22:22,864 +0530 [main] WARN  (SeleneiumUtilities.java:16) - Cannot invoke "org.openqa.selenium.WebDriver.findElement(org.openqa.selenium.By)" because "driver" is null
2022-01-31 19:22:22,878 +0530 [main] WARN  (SeleneiumUtilities.java:16) - Cannot invoke "org.openqa.selenium.WebDriver.findElement(org.openqa.selenium.By)" because "driver" is null
2022-01-31 19:22:22,885 +0530 [main] ERROR (TestBaseClass.java:103) - Cannot invoke "org.openqa.selenium.WebDriver.quit()" because "this.driver" is null
2022-01-31 19:22:22,958 +0530 [main] ERROR (TestBaseClass.java:69) - Cannot find firefox binary in PATH. Make sure firefox is installed. OS appears to be: WIN10
Build info: version: '4.1.1', revision: 'e8fcc2cecf'
System info: host: 'DESKTOP-I7N3PLM', ip: '192.168.40.97', os.name: 'Windows 10', os.arch: 'amd64', os.version: '10.0', java.version: '17.0.1'
Driver info: driver.version: FirefoxDriver
2022-01-31 19:22:22,972 +0530 [main] WARN  (SeleneiumUtilities.java:16) - Cannot invoke "org.openqa.selenium.WebDriver.findElement(org.openqa.selenium.By)" because "driver" is null
2022-01-31 19:22:22,991 +0530 [main] WARN  (SeleneiumUtilities.java:16) - Cannot invoke "org.openqa.selenium.WebDriver.findElement(org.openqa.selenium.By)" because "driver" is null
2022-01-31 19:22:23,011 +0530 [main] WARN  (SeleneiumUtilities.java:16) - Cannot invoke "org.openqa.selenium.WebDriver.findElement(org.openqa.selenium.By)" because "driver" is null
2022-01-31 19:22:23,044 +0530 [main] WARN  (SeleneiumUtilities.java:16) - Cannot invoke "org.openqa.selenium.WebDriver.findElement(org.openqa.selenium.By)" because "driver" is null
2022-01-31 19:22:23,074 +0530 [main] WARN  (SeleneiumUtilities.java:16) - Cannot invoke "org.openqa.selenium.WebDriver.findElement(org.openqa.selenium.By)" because "driver" is null
2022-01-31 19:22:23,099 +0530 [main] WARN  (SeleneiumUtilities.java:16) - Cannot invoke "org.openqa.selenium.WebDriver.findElement(org.openqa.selenium.By)" because "driver" is null
2022-01-31 19:22:23,142 +0530 [main] ERROR (TestBaseClass.java:103) - Cannot invoke "org.openqa.selenium.WebDriver.quit()" because "this.driver" is null
2022-01-31 19:22:30,631 +0530 [main] INFO  (TestBaseClass.java:112) - Email report sent
2022-01-31 19:24:09,404 +0530 [main] ERROR (TestBaseClass.java:74) - Cannot find firefox binary in PATH. Make sure firefox is installed. OS appears to be: WIN10
Build info: version: '4.1.1', revision: 'e8fcc2cecf'
System info: host: 'DESKTOP-I7N3PLM', ip: '192.168.40.97', os.name: 'Windows 10', os.arch: 'amd64', os.version: '10.0', java.version: '17.0.1'
Driver info: driver.version: FirefoxDriver
2022-01-31 19:24:09,611 +0530 [main] WARN  (SeleneiumUtilities.java:16) - Cannot invoke "org.openqa.selenium.WebDriver.findElement(org.openqa.selenium.By)" because "driver" is null
2022-01-31 19:24:09,738 +0530 [main] WARN  (SeleneiumUtilities.java:16) - Cannot invoke "org.openqa.selenium.WebDriver.findElement(org.openqa.selenium.By)" because "driver" is null
2022-01-31 19:24:09,762 +0530 [main] WARN  (SeleneiumUtilities.java:16) - Cannot invoke "org.openqa.selenium.WebDriver.findElement(org.openqa.selenium.By)" because "driver" is null
2022-01-31 19:24:09,775 +0530 [main] WARN  (SeleneiumUtilities.java:16) - Cannot invoke "org.openqa.selenium.WebDriver.findElement(org.openqa.selenium.By)" because "driver" is null
2022-01-31 19:24:09,788 +0530 [main] WARN  (SeleneiumUtilities.java:16) - Cannot invoke "org.openqa.selenium.WebDriver.findElement(org.openqa.selenium.By)" because "driver" is null
2022-01-31 19:24:09,809 +0530 [main] WARN  (SeleneiumUtilities.java:16) - Cannot invoke "org.openqa.selenium.WebDriver.findElement(org.openqa.selenium.By)" because "driver" is null
2022-01-31 19:24:09,828 +0530 [main] ERROR (TestBaseClass.java:108) - Cannot invoke "org.openqa.selenium.WebDriver.quit()" because "this.driver" is null
2022-01-31 19:24:11,632 +0530 [main] ERROR (TestBaseClass.java:74) - Cannot find firefox binary in PATH. Make sure firefox is installed. OS appears to be: WIN10
Build info: version: '4.1.1', revision: 'e8fcc2cecf'
System info: host: 'DESKTOP-I7N3PLM', ip: '192.168.40.97', os.name: 'Windows 10', os.arch: 'amd64', os.version: '10.0', java.version: '17.0.1'
Driver info: driver.version: FirefoxDriver
2022-01-31 19:24:11,642 +0530 [main] WARN  (SeleneiumUtilities.java:16) - Cannot invoke "org.openqa.selenium.WebDriver.findElement(org.openqa.selenium.By)" because "driver" is null
2022-01-31 19:24:11,659 +0530 [main] WARN  (SeleneiumUtilities.java:16) - Cannot invoke "org.openqa.selenium.WebDriver.findElement(org.openqa.selenium.By)" because "driver" is null
2022-01-31 19:24:11,680 +0530 [main] WARN  (SeleneiumUtilities.java:16) - Cannot invoke "org.openqa.selenium.WebDriver.findElement(org.openqa.selenium.By)" because "driver" is null
2022-01-31 19:24:11,695 +0530 [main] WARN  (SeleneiumUtilities.java:16) - Cannot invoke "org.openqa.selenium.WebDriver.findElement(org.openqa.selenium.By)" because "driver" is null
2022-01-31 19:24:11,719 +0530 [main] WARN  (SeleneiumUtilities.java:16) - Cannot invoke "org.openqa.selenium.WebDriver.findElement(org.openqa.selenium.By)" because "driver" is null
2022-01-31 19:24:11,731 +0530 [main] WARN  (SeleneiumUtilities.java:16) - Cannot invoke "org.openqa.selenium.WebDriver.findElement(org.openqa.selenium.By)" because "driver" is null
2022-01-31 19:24:11,740 +0530 [main] ERROR (TestBaseClass.java:108) - Cannot invoke "org.openqa.selenium.WebDriver.quit()" because "this.driver" is null
2022-01-31 19:24:13,328 +0530 [main] ERROR (TestBaseClass.java:74) - Cannot find firefox binary in PATH. Make sure firefox is installed. OS appears to be: WIN10
Build info: version: '4.1.1', revision: 'e8fcc2cecf'
System info: host: 'DESKTOP-I7N3PLM', ip: '192.168.40.97', os.name: 'Windows 10', os.arch: 'amd64', os.version: '10.0', java.version: '17.0.1'
Driver info: driver.version: FirefoxDriver
2022-01-31 19:24:13,334 +0530 [main] WARN  (SeleneiumUtilities.java:16) - Cannot invoke "org.openqa.selenium.WebDriver.findElement(org.openqa.selenium.By)" because "driver" is null
2022-01-31 19:24:13,343 +0530 [main] WARN  (SeleneiumUtilities.java:16) - Cannot invoke "org.openqa.selenium.WebDriver.findElement(org.openqa.selenium.By)" because "driver" is null
2022-01-31 19:24:13,353 +0530 [main] WARN  (SeleneiumUtilities.java:16) - Cannot invoke "org.openqa.selenium.WebDriver.findElement(org.openqa.selenium.By)" because "driver" is null
2022-01-31 19:24:13,367 +0530 [main] WARN  (SeleneiumUtilities.java:16) - Cannot invoke "org.openqa.selenium.WebDriver.findElement(org.openqa.selenium.By)" because "driver" is null
2022-01-31 19:24:13,388 +0530 [main] WARN  (SeleneiumUtilities.java:16) - Cannot invoke "org.openqa.selenium.WebDriver.findElement(org.openqa.selenium.By)" because "driver" is null
2022-01-31 19:24:13,400 +0530 [main] WARN  (SeleneiumUtilities.java:16) - Cannot invoke "org.openqa.selenium.WebDriver.findElement(org.openqa.selenium.By)" because "driver" is null
2022-01-31 19:24:13,407 +0530 [main] ERROR (TestBaseClass.java:108) - Cannot invoke "org.openqa.selenium.WebDriver.quit()" because "this.driver" is null
2022-01-31 19:24:19,839 +0530 [main] INFO  (TestBaseClass.java:117) - Email report sent
2022-02-01 17:47:50,474 +0530 [main] ERROR (TestBaseClass.java:76) - Cannot find firefox binary in PATH. Make sure firefox is installed. OS appears to be: WIN10
Build info: version: '4.1.2', revision: '9a5a329c5a'
System info: host: 'DESKTOP-I7N3PLM', ip: '192.168.1.12', os.name: 'Windows 10', os.arch: 'amd64', os.version: '10.0', java.version: '17.0.1'
Driver info: driver.version: FirefoxDriver
2022-02-01 17:47:50,649 +0530 [main] WARN  (SeleneiumUtilities.java:16) - Cannot invoke "org.openqa.selenium.WebDriver.findElement(org.openqa.selenium.By)" because "driver" is null
2022-02-01 17:47:50,829 +0530 [main] WARN  (SeleneiumUtilities.java:16) - Cannot invoke "org.openqa.selenium.WebDriver.findElement(org.openqa.selenium.By)" because "driver" is null
2022-02-01 17:47:50,844 +0530 [main] WARN  (SeleneiumUtilities.java:16) - Cannot invoke "org.openqa.selenium.WebDriver.findElement(org.openqa.selenium.By)" because "driver" is null
2022-02-01 17:47:50,861 +0530 [main] WARN  (SeleneiumUtilities.java:16) - Cannot invoke "org.openqa.selenium.WebDriver.findElement(org.openqa.selenium.By)" because "driver" is null
2022-02-01 17:47:50,884 +0530 [main] WARN  (SeleneiumUtilities.java:16) - Cannot invoke "org.openqa.selenium.WebDriver.findElement(org.openqa.selenium.By)" because "driver" is null
2022-02-01 17:47:50,908 +0530 [main] WARN  (SeleneiumUtilities.java:16) - Cannot invoke "org.openqa.selenium.WebDriver.findElement(org.openqa.selenium.By)" because "driver" is null
2022-02-01 17:47:50,956 +0530 [main] ERROR (TestBaseClass.java:110) - Cannot invoke "org.openqa.selenium.WebDriver.quit()" because "this.driver" is null
2022-02-01 17:47:52,081 +0530 [main] ERROR (TestBaseClass.java:76) - Cannot find firefox binary in PATH. Make sure firefox is installed. OS appears to be: WIN10
Build info: version: '4.1.2', revision: '9a5a329c5a'
System info: host: 'DESKTOP-I7N3PLM', ip: '192.168.1.12', os.name: 'Windows 10', os.arch: 'amd64', os.version: '10.0', java.version: '17.0.1'
Driver info: driver.version: FirefoxDriver
2022-02-01 17:47:52,092 +0530 [main] WARN  (SeleneiumUtilities.java:16) - Cannot invoke "org.openqa.selenium.WebDriver.findElement(org.openqa.selenium.By)" because "driver" is null
2022-02-01 17:47:52,144 +0530 [main] WARN  (SeleneiumUtilities.java:16) - Cannot invoke "org.openqa.selenium.WebDriver.findElement(org.openqa.selenium.By)" because "driver" is null
2022-02-01 17:47:52,163 +0530 [main] WARN  (SeleneiumUtilities.java:16) - Cannot invoke "org.openqa.selenium.WebDriver.findElement(org.openqa.selenium.By)" because "driver" is null
2022-02-01 17:47:52,176 +0530 [main] WARN  (SeleneiumUtilities.java:16) - Cannot invoke "org.openqa.selenium.WebDriver.findElement(org.openqa.selenium.By)" because "driver" is null
2022-02-01 17:47:52,198 +0530 [main] WARN  (SeleneiumUtilities.java:16) - Cannot invoke "org.openqa.selenium.WebDriver.findElement(org.openqa.selenium.By)" because "driver" is null
2022-02-01 17:47:52,212 +0530 [main] WARN  (SeleneiumUtilities.java:16) - Cannot invoke "org.openqa.selenium.WebDriver.findElement(org.openqa.selenium.By)" because "driver" is null
2022-02-01 17:47:52,220 +0530 [main] ERROR (TestBaseClass.java:110) - Cannot invoke "org.openqa.selenium.WebDriver.quit()" because "this.driver" is null
2022-02-01 17:47:53,247 +0530 [main] ERROR (TestBaseClass.java:76) - Cannot find firefox binary in PATH. Make sure firefox is installed. OS appears to be: WIN10
Build info: version: '4.1.2', revision: '9a5a329c5a'
System info: host: 'DESKTOP-I7N3PLM', ip: '192.168.1.12', os.name: 'Windows 10', os.arch: 'amd64', os.version: '10.0', java.version: '17.0.1'
Driver info: driver.version: FirefoxDriver
2022-02-01 17:47:53,254 +0530 [main] WARN  (SeleneiumUtilities.java:16) - Cannot invoke "org.openqa.selenium.WebDriver.findElement(org.openqa.selenium.By)" because "driver" is null
2022-02-01 17:47:53,273 +0530 [main] WARN  (SeleneiumUtilities.java:16) - Cannot invoke "org.openqa.selenium.WebDriver.findElement(org.openqa.selenium.By)" because "driver" is null
2022-02-01 17:47:53,290 +0530 [main] WARN  (SeleneiumUtilities.java:16) - Cannot invoke "org.openqa.selenium.WebDriver.findElement(org.openqa.selenium.By)" because "driver" is null
2022-02-01 17:47:53,317 +0530 [main] WARN  (SeleneiumUtilities.java:16) - Cannot invoke "org.openqa.selenium.WebDriver.findElement(org.openqa.selenium.By)" because "driver" is null
2022-02-01 17:47:53,375 +0530 [main] WARN  (SeleneiumUtilities.java:16) - Cannot invoke "org.openqa.selenium.WebDriver.findElement(org.openqa.selenium.By)" because "driver" is null
2022-02-01 17:47:53,388 +0530 [main] WARN  (SeleneiumUtilities.java:16) - Cannot invoke "org.openqa.selenium.WebDriver.findElement(org.openqa.selenium.By)" because "driver" is null
2022-02-01 17:47:53,399 +0530 [main] ERROR (TestBaseClass.java:110) - Cannot invoke "org.openqa.selenium.WebDriver.quit()" because "this.driver" is null
2022-02-01 17:51:03,957 +0530 [main] INFO  (TestBaseClass.java:65) - Lanching browser :Fire Fox
2022-02-01 17:51:07,548 +0530 [main] WARN  (SeleneiumUtilities.java:16) - Given xpath expression "//input[contains(@id,'login')]asdasd" is invalid: SyntaxError: Document.evaluate: The expression is not a legal expression
For documentation on this error, please visit: https://selenium.dev/exceptions/#invalid_selector_exception
Build info: version: '4.1.2', revision: '9a5a329c5a'
System info: host: 'DESKTOP-I7N3PLM', ip: '192.168.1.12', os.name: 'Windows 10', os.arch: 'amd64', os.version: '10.0', java.version: '17.0.1'
Driver info: org.openqa.selenium.firefox.FirefoxDriver
Command: [57383e2d-0fa2-48c4-9490-2fff6666b275, findElement {using=xpath, value=//input[contains(@id,'login')]asdasd}]
Capabilities {acceptInsecureCerts: true, browserName: firefox, browserVersion: 96.0.3, javascriptEnabled: true, moz:accessibilityChecks: false, moz:buildID: 20220126154723, moz:debuggerAddress: localhost:57714, moz:geckodriverVersion: 0.30.0, moz:headless: false, moz:processID: 6444, moz:profile: C:\Users\Vaaman\AppData\Loc..., moz:shutdownTimeout: 60000, moz:useNonSpecCompliantPointerOrigin: false, moz:webdriverClick: true, pageLoadStrategy: normal, platform: WINDOWS, platformName: WINDOWS, platformVersion: 10.0, proxy: Proxy(), se:cdp: ws://localhost:57714/devtoo..., se:cdpVersion: 85.0, setWindowRect: true, strictFileInteractability: false, timeouts: {implicit: 0, pageLoad: 300000, script: 30000}, unhandledPromptBehavior: dismiss and notify}
Session ID: 57383e2d-0fa2-48c4-9490-2fff6666b275
2022-02-01 17:51:09,607 +0530 [main] INFO  (TestBaseClass.java:108) - Browser Window Closed
2022-02-01 17:51:16,189 +0530 [main] INFO  (TestBaseClass.java:65) - Lanching browser :Fire Fox
2022-02-01 17:51:18,482 +0530 [main] WARN  (SeleneiumUtilities.java:16) - Given xpath expression "//input[contains(@id,'login')]asdasd" is invalid: SyntaxError: Document.evaluate: The expression is not a legal expression
For documentation on this error, please visit: https://selenium.dev/exceptions/#invalid_selector_exception
Build info: version: '4.1.2', revision: '9a5a329c5a'
System info: host: 'DESKTOP-I7N3PLM', ip: '192.168.1.12', os.name: 'Windows 10', os.arch: 'amd64', os.version: '10.0', java.version: '17.0.1'
Driver info: org.openqa.selenium.firefox.FirefoxDriver
Command: [2b370659-e165-4db4-aec6-df7d0ac56299, findElement {using=xpath, value=//input[contains(@id,'login')]asdasd}]
Capabilities {acceptInsecureCerts: true, browserName: firefox, browserVersion: 96.0.3, javascriptEnabled: true, moz:accessibilityChecks: false, moz:buildID: 20220126154723, moz:debuggerAddress: localhost:62334, moz:geckodriverVersion: 0.30.0, moz:headless: false, moz:processID: 9072, moz:profile: C:\Users\Vaaman\AppData\Loc..., moz:shutdownTimeout: 60000, moz:useNonSpecCompliantPointerOrigin: false, moz:webdriverClick: true, pageLoadStrategy: normal, platform: WINDOWS, platformName: WINDOWS, platformVersion: 10.0, proxy: Proxy(), se:cdp: ws://localhost:62334/devtoo..., se:cdpVersion: 85.0, setWindowRect: true, strictFileInteractability: false, timeouts: {implicit: 0, pageLoad: 300000, script: 30000}, unhandledPromptBehavior: dismiss and notify}
Session ID: 2b370659-e165-4db4-aec6-df7d0ac56299
2022-02-01 17:51:20,272 +0530 [main] INFO  (TestBaseClass.java:108) - Browser Window Closed
2022-02-01 17:51:26,428 +0530 [main] INFO  (TestBaseClass.java:65) - Lanching browser :Fire Fox
2022-02-01 17:51:28,746 +0530 [main] WARN  (SeleneiumUtilities.java:16) - Given xpath expression "//input[contains(@id,'login')]asdasd" is invalid: SyntaxError: Document.evaluate: The expression is not a legal expression
For documentation on this error, please visit: https://selenium.dev/exceptions/#invalid_selector_exception
Build info: version: '4.1.2', revision: '9a5a329c5a'
System info: host: 'DESKTOP-I7N3PLM', ip: '192.168.1.12', os.name: 'Windows 10', os.arch: 'amd64', os.version: '10.0', java.version: '17.0.1'
Driver info: org.openqa.selenium.firefox.FirefoxDriver
Command: [a04356b0-0ecb-4dd5-8418-56eee79451f5, findElement {using=xpath, value=//input[contains(@id,'login')]asdasd}]
Capabilities {acceptInsecureCerts: true, browserName: firefox, browserVersion: 96.0.3, javascriptEnabled: true, moz:accessibilityChecks: false, moz:buildID: 20220126154723, moz:debuggerAddress: localhost:49917, moz:geckodriverVersion: 0.30.0, moz:headless: false, moz:processID: 7756, moz:profile: C:\Users\Vaaman\AppData\Loc..., moz:shutdownTimeout: 60000, moz:useNonSpecCompliantPointerOrigin: false, moz:webdriverClick: true, pageLoadStrategy: normal, platform: WINDOWS, platformName: WINDOWS, platformVersion: 10.0, proxy: Proxy(), se:cdp: ws://localhost:49917/devtoo..., se:cdpVersion: 85.0, setWindowRect: true, strictFileInteractability: false, timeouts: {implicit: 0, pageLoad: 300000, script: 30000}, unhandledPromptBehavior: dismiss and notify}
Session ID: a04356b0-0ecb-4dd5-8418-56eee79451f5
2022-02-01 17:51:32,402 +0530 [main] INFO  (TestBaseClass.java:108) - Browser Window Closed
2022-02-01 17:51:37,082 +0530 [main] INFO  (TestBaseClass.java:119) - Email report sent
2022-02-01 17:53:54,277 +0530 [main] INFO  (TestBaseClass.java:65) - Lanching browser :Fire Fox
2022-02-01 17:53:59,131 +0530 [main] INFO  (TestBaseClass.java:108) - Browser Window Closed
2022-02-01 17:54:04,639 +0530 [main] INFO  (TestBaseClass.java:65) - Lanching browser :Fire Fox
2022-02-01 17:54:07,886 +0530 [main] INFO  (TestBaseClass.java:108) - Browser Window Closed
2022-02-01 17:54:12,354 +0530 [main] INFO  (TestBaseClass.java:65) - Lanching browser :Fire Fox
2022-02-01 17:54:16,112 +0530 [main] INFO  (TestBaseClass.java:108) - Browser Window Closed
2022-02-01 17:54:20,494 +0530 [main] INFO  (TestBaseClass.java:119) - Email report sent
2022-02-01 17:55:18,067 +0530 [TestNG-tests-1] INFO  (TestBaseClass.java:65) - Lanching browser :Fire Fox
2022-02-01 17:55:18,079 +0530 [TestNG-tests-2] INFO  (TestBaseClass.java:65) - Lanching browser :Fire Fox
2022-02-01 17:55:23,787 +0530 [TestNG-tests-1] INFO  (TestBaseClass.java:108) - Browser Window Closed
2022-02-01 17:55:23,879 +0530 [TestNG-tests-2] INFO  (TestBaseClass.java:108) - Browser Window Closed
2022-02-01 17:55:29,330 +0530 [TestNG-tests-1] INFO  (TestBaseClass.java:65) - Lanching browser :Fire Fox
2022-02-01 17:55:32,953 +0530 [TestNG-tests-1] INFO  (TestBaseClass.java:108) - Browser Window Closed
2022-02-01 17:55:37,209 +0530 [main] INFO  (TestBaseClass.java:119) - Email report sent
2022-02-01 17:57:33,822 +0530 [TestNG-tests-1] INFO  (TestBaseClass.java:65) - Lanching browser :Fire Fox
2022-02-01 17:57:34,023 +0530 [TestNG-tests-2] INFO  (TestBaseClass.java:65) - Lanching browser :Fire Fox
2022-02-01 17:57:40,010 +0530 [TestNG-tests-1] INFO  (TestBaseClass.java:108) - Browser Window Closed
2022-02-01 17:57:40,026 +0530 [TestNG-tests-2] INFO  (TestBaseClass.java:108) - Browser Window Closed
2022-02-01 17:57:44,962 +0530 [TestNG-tests-2] INFO  (TestBaseClass.java:65) - Lanching browser :Fire Fox
2022-02-01 17:57:48,680 +0530 [TestNG-tests-2] INFO  (TestBaseClass.java:108) - Browser Window Closed
2022-02-01 17:57:53,749 +0530 [main] INFO  (TestBaseClass.java:119) - Email report sent
2022-02-01 18:10:59,803 +0530 [TestNG-tests-1] INFO  (TestBaseClass.java:65) - Lanching browser :Fire Fox
2022-02-01 18:10:59,809 +0530 [TestNG-tests-2] INFO  (TestBaseClass.java:65) - Lanching browser :Fire Fox
2022-02-01 18:11:10,113 +0530 [TestNG-tests-1] INFO  (TestBaseClass.java:108) - Browser Window Closed
2022-02-01 18:11:10,381 +0530 [TestNG-tests-2] INFO  (TestBaseClass.java:108) - Browser Window Closed
2022-02-01 18:11:15,912 +0530 [TestNG-tests-1] INFO  (TestBaseClass.java:65) - Lanching browser :Fire Fox
2022-02-01 18:11:19,125 +0530 [TestNG-tests-1] INFO  (TestBaseClass.java:108) - Browser Window Closed
2022-02-01 18:11:24,340 +0530 [main] INFO  (TestBaseClass.java:119) - Email report sent
2022-02-01 18:48:27,344 +0530 [TestNG-tests-1] INFO  (TestBaseClass.java:65) - Lanching browser :Fire Fox
2022-02-01 18:48:56,763 +0530 [TestNG-tests-1] INFO  (TestBaseClass.java:108) - Browser Window Closed
2022-02-01 18:49:02,238 +0530 [TestNG-tests-1] INFO  (TestBaseClass.java:65) - Lanching browser :Fire Fox
2022-02-01 18:49:30,664 +0530 [TestNG-tests-1] INFO  (TestBaseClass.java:108) - Browser Window Closed
2022-02-01 18:49:36,837 +0530 [TestNG-tests-1] INFO  (TestBaseClass.java:65) - Lanching browser :Fire Fox
2022-02-01 18:50:04,671 +0530 [TestNG-tests-1] INFO  (TestBaseClass.java:108) - Browser Window Closed
2022-02-01 18:50:10,398 +0530 [main] INFO  (TestBaseClass.java:119) - Email report sent
2022-02-01 18:51:31,955 +0530 [TestNG-tests-1] INFO  (TestBaseClass.java:67) - Lanching browser :Fire Fox
2022-02-01 18:51:40,552 +0530 [TestNG-tests-1] INFO  (TestBaseClass.java:110) - Browser Window Closed
2022-02-01 18:51:45,874 +0530 [TestNG-tests-1] INFO  (TestBaseClass.java:67) - Lanching browser :Fire Fox
2022-02-01 18:51:53,915 +0530 [TestNG-tests-1] INFO  (TestBaseClass.java:110) - Browser Window Closed
2022-02-01 18:52:00,342 +0530 [TestNG-tests-1] INFO  (TestBaseClass.java:67) - Lanching browser :Fire Fox
2022-02-01 18:52:07,483 +0530 [TestNG-tests-1] INFO  (TestBaseClass.java:110) - Browser Window Closed
2022-02-01 18:52:12,664 +0530 [TestNG-tests-1] INFO  (TestBaseClass.java:67) - Lanching browser :Fire Fox
2022-02-01 18:52:19,760 +0530 [TestNG-tests-1] INFO  (TestBaseClass.java:110) - Browser Window Closed
2022-02-01 18:52:24,985 +0530 [TestNG-tests-1] INFO  (TestBaseClass.java:67) - Lanching browser :Fire Fox
2022-02-01 18:52:32,228 +0530 [TestNG-tests-1] INFO  (TestBaseClass.java:110) - Browser Window Closed
2022-02-01 18:52:37,184 +0530 [TestNG-tests-1] INFO  (TestBaseClass.java:67) - Lanching browser :Fire Fox
2022-02-01 18:52:43,753 +0530 [TestNG-tests-1] INFO  (TestBaseClass.java:110) - Browser Window Closed
2022-02-01 18:52:48,857 +0530 [TestNG-tests-1] INFO  (TestBaseClass.java:67) - Lanching browser :Fire Fox
2022-02-01 18:52:55,579 +0530 [TestNG-tests-1] INFO  (TestBaseClass.java:110) - Browser Window Closed
2022-02-01 18:53:00,867 +0530 [TestNG-tests-1] INFO  (TestBaseClass.java:67) - Lanching browser :Fire Fox
2022-02-01 18:53:08,245 +0530 [TestNG-tests-1] INFO  (TestBaseClass.java:110) - Browser Window Closed
2022-02-01 18:53:13,724 +0530 [TestNG-tests-1] INFO  (TestBaseClass.java:67) - Lanching browser :Fire Fox
2022-02-01 18:53:20,426 +0530 [TestNG-tests-1] INFO  (TestBaseClass.java:110) - Browser Window Closed
2022-02-01 18:53:25,346 +0530 [TestNG-tests-1] INFO  (TestBaseClass.java:67) - Lanching browser :Fire Fox
2022-02-01 18:53:32,149 +0530 [TestNG-tests-1] INFO  (TestBaseClass.java:110) - Browser Window Closed
2022-02-01 18:53:37,099 +0530 [TestNG-tests-1] INFO  (TestBaseClass.java:67) - Lanching browser :Fire Fox
2022-02-01 18:53:44,273 +0530 [TestNG-tests-1] INFO  (TestBaseClass.java:110) - Browser Window Closed
2022-02-01 18:53:49,252 +0530 [TestNG-tests-1] INFO  (TestBaseClass.java:67) - Lanching browser :Fire Fox
2022-02-01 18:53:56,836 +0530 [TestNG-tests-1] INFO  (TestBaseClass.java:110) - Browser Window Closed
2022-02-01 18:54:02,823 +0530 [TestNG-tests-1] INFO  (TestBaseClass.java:67) - Lanching browser :Fire Fox
2022-02-01 18:54:09,748 +0530 [TestNG-tests-1] INFO  (TestBaseClass.java:110) - Browser Window Closed
2022-02-01 18:54:15,609 +0530 [TestNG-tests-1] INFO  (TestBaseClass.java:67) - Lanching browser :Fire Fox
2022-02-01 18:54:22,463 +0530 [TestNG-tests-1] INFO  (TestBaseClass.java:110) - Browser Window Closed
2022-02-01 18:54:27,409 +0530 [TestNG-tests-1] INFO  (TestBaseClass.java:67) - Lanching browser :Fire Fox
2022-02-01 18:54:34,869 +0530 [TestNG-tests-1] INFO  (TestBaseClass.java:110) - Browser Window Closed
2022-02-01 18:54:40,881 +0530 [TestNG-tests-1] INFO  (TestBaseClass.java:67) - Lanching browser :Fire Fox
2022-02-01 18:54:48,680 +0530 [TestNG-tests-1] INFO  (TestBaseClass.java:110) - Browser Window Closed
2022-02-01 18:54:54,395 +0530 [TestNG-tests-1] INFO  (TestBaseClass.java:67) - Lanching browser :Fire Fox
2022-02-01 18:55:01,759 +0530 [TestNG-tests-1] INFO  (TestBaseClass.java:110) - Browser Window Closed
2022-02-01 18:55:07,388 +0530 [TestNG-tests-1] INFO  (TestBaseClass.java:67) - Lanching browser :Fire Fox
2022-02-01 18:55:14,561 +0530 [TestNG-tests-1] INFO  (TestBaseClass.java:110) - Browser Window Closed
2022-02-01 18:55:19,586 +0530 [main] INFO  (TestBaseClass.java:121) - Email report sent
2022-02-01 18:57:18,405 +0530 [TestNG-tests-1] INFO  (TestBaseClass.java:53) - Lanching browser :Chrome
2022-02-01 18:57:26,662 +0530 [TestNG-tests-1] INFO  (TestBaseClass.java:110) - Browser Window Closed
2022-02-01 18:57:28,831 +0530 [TestNG-tests-1] INFO  (TestBaseClass.java:53) - Lanching browser :Chrome
2022-02-01 18:57:35,259 +0530 [TestNG-tests-1] INFO  (TestBaseClass.java:110) - Browser Window Closed
2022-02-01 18:57:36,644 +0530 [TestNG-tests-1] INFO  (TestBaseClass.java:53) - Lanching browser :Chrome
2022-02-01 18:57:42,882 +0530 [TestNG-tests-1] INFO  (TestBaseClass.java:110) - Browser Window Closed
2022-02-01 18:57:44,182 +0530 [TestNG-tests-1] INFO  (TestBaseClass.java:53) - Lanching browser :Chrome
2022-02-01 18:57:50,191 +0530 [TestNG-tests-1] INFO  (TestBaseClass.java:110) - Browser Window Closed
2022-02-01 18:57:51,708 +0530 [TestNG-tests-1] INFO  (TestBaseClass.java:53) - Lanching browser :Chrome
2022-02-01 18:57:58,171 +0530 [TestNG-tests-1] INFO  (TestBaseClass.java:110) - Browser Window Closed
2022-02-01 18:57:59,726 +0530 [TestNG-tests-1] INFO  (TestBaseClass.java:53) - Lanching browser :Chrome
2022-02-01 18:58:05,819 +0530 [TestNG-tests-1] INFO  (TestBaseClass.java:110) - Browser Window Closed
2022-02-01 18:58:10,958 +0530 [TestNG-tests-1] INFO  (TestBaseClass.java:85) - Lanching browser :EDGE
2022-02-01 18:58:17,324 +0530 [TestNG-tests-1] INFO  (TestBaseClass.java:110) - Browser Window Closed
2022-02-01 18:58:19,304 +0530 [TestNG-tests-1] INFO  (TestBaseClass.java:85) - Lanching browser :EDGE
2022-02-01 18:58:27,524 +0530 [TestNG-tests-1] INFO  (TestBaseClass.java:110) - Browser Window Closed
2022-02-01 18:58:29,433 +0530 [TestNG-tests-1] INFO  (TestBaseClass.java:85) - Lanching browser :EDGE
2022-02-01 18:58:35,654 +0530 [TestNG-tests-1] INFO  (TestBaseClass.java:110) - Browser Window Closed
2022-02-01 18:58:37,325 +0530 [TestNG-tests-1] INFO  (TestBaseClass.java:85) - Lanching browser :EDGE
2022-02-01 18:58:43,769 +0530 [TestNG-tests-1] INFO  (TestBaseClass.java:110) - Browser Window Closed
2022-02-01 18:58:45,669 +0530 [TestNG-tests-1] INFO  (TestBaseClass.java:85) - Lanching browser :EDGE
2022-02-01 18:58:51,837 +0530 [TestNG-tests-1] INFO  (TestBaseClass.java:110) - Browser Window Closed
2022-02-01 18:58:53,231 +0530 [TestNG-tests-1] INFO  (TestBaseClass.java:85) - Lanching browser :EDGE
2022-02-01 18:58:59,651 +0530 [TestNG-tests-1] INFO  (TestBaseClass.java:110) - Browser Window Closed
2022-02-01 18:59:12,761 +0530 [TestNG-tests-1] INFO  (TestBaseClass.java:67) - Lanching browser :Fire Fox
2022-02-01 18:59:21,103 +0530 [TestNG-tests-1] INFO  (TestBaseClass.java:110) - Browser Window Closed
2022-02-01 18:59:32,067 +0530 [TestNG-tests-1] INFO  (TestBaseClass.java:67) - Lanching browser :Fire Fox
2022-02-01 18:59:47,818 +0530 [TestNG-tests-1] INFO  (TestBaseClass.java:110) - Browser Window Closed
2022-02-01 18:59:55,539 +0530 [TestNG-tests-1] INFO  (TestBaseClass.java:67) - Lanching browser :Fire Fox
2022-02-01 19:00:02,999 +0530 [TestNG-tests-1] INFO  (TestBaseClass.java:110) - Browser Window Closed
2022-02-01 19:00:08,117 +0530 [TestNG-tests-1] INFO  (TestBaseClass.java:67) - Lanching browser :Fire Fox
2022-02-01 19:00:15,693 +0530 [TestNG-tests-1] INFO  (TestBaseClass.java:110) - Browser Window Closed
2022-02-01 19:00:21,265 +0530 [TestNG-tests-1] INFO  (TestBaseClass.java:67) - Lanching browser :Fire Fox
2022-02-01 19:00:29,311 +0530 [TestNG-tests-1] INFO  (TestBaseClass.java:110) - Browser Window Closed
2022-02-01 19:00:37,353 +0530 [TestNG-tests-1] INFO  (TestBaseClass.java:67) - Lanching browser :Fire Fox
2022-02-01 19:00:44,868 +0530 [TestNG-tests-1] INFO  (TestBaseClass.java:110) - Browser Window Closed
2022-02-01 19:00:50,846 +0530 [main] INFO  (TestBaseClass.java:121) - Email report sent
2022-02-01 19:04:32,321 +0530 [TestNG-tests-1] INFO  (TestBaseClass.java:53) - Lanching browser :Chrome
2022-02-01 19:04:40,339 +0530 [TestNG-tests-1] INFO  (TestBaseClass.java:110) - Browser Window Closed
2022-02-01 19:04:44,923 +0530 [TestNG-tests-1] INFO  (TestBaseClass.java:53) - Lanching browser :Chrome
2022-02-01 19:04:51,458 +0530 [TestNG-tests-1] INFO  (TestBaseClass.java:110) - Browser Window Closed
2022-02-01 19:04:53,148 +0530 [TestNG-tests-1] INFO  (TestBaseClass.java:53) - Lanching browser :Chrome
2022-02-01 19:04:59,699 +0530 [TestNG-tests-1] INFO  (TestBaseClass.java:110) - Browser Window Closed
2022-02-01 19:05:01,702 +0530 [TestNG-tests-1] INFO  (TestBaseClass.java:53) - Lanching browser :Chrome
2022-02-01 19:05:10,247 +0530 [TestNG-tests-1] INFO  (TestBaseClass.java:110) - Browser Window Closed
2022-02-01 19:05:12,914 +0530 [TestNG-tests-1] INFO  (TestBaseClass.java:53) - Lanching browser :Chrome
2022-02-01 19:05:19,090 +0530 [TestNG-tests-1] INFO  (TestBaseClass.java:110) - Browser Window Closed
2022-02-01 19:05:20,223 +0530 [TestNG-tests-1] INFO  (TestBaseClass.java:53) - Lanching browser :Chrome
2022-02-01 19:05:26,804 +0530 [TestNG-tests-1] INFO  (TestBaseClass.java:110) - Browser Window Closed
2022-02-01 19:05:30,636 +0530 [TestNG-tests-1] INFO  (TestBaseClass.java:85) - Lanching browser :EDGE
2022-02-01 19:05:37,749 +0530 [TestNG-tests-1] INFO  (TestBaseClass.java:110) - Browser Window Closed
2022-02-01 19:05:39,483 +0530 [TestNG-tests-1] INFO  (TestBaseClass.java:85) - Lanching browser :EDGE
2022-02-01 19:05:46,098 +0530 [TestNG-tests-1] INFO  (TestBaseClass.java:110) - Browser Window Closed
2022-02-01 19:05:47,654 +0530 [TestNG-tests-1] INFO  (TestBaseClass.java:85) - Lanching browser :EDGE
2022-02-01 19:05:57,481 +0530 [TestNG-tests-1] INFO  (TestBaseClass.java:110) - Browser Window Closed
2022-02-01 19:06:01,965 +0530 [TestNG-tests-1] INFO  (TestBaseClass.java:85) - Lanching browser :EDGE
2022-02-01 19:06:08,857 +0530 [TestNG-tests-1] INFO  (TestBaseClass.java:110) - Browser Window Closed
2022-02-01 19:06:10,318 +0530 [TestNG-tests-1] INFO  (TestBaseClass.java:85) - Lanching browser :EDGE
2022-02-01 19:06:17,486 +0530 [TestNG-tests-1] INFO  (TestBaseClass.java:110) - Browser Window Closed
2022-02-01 19:06:20,691 +0530 [TestNG-tests-1] INFO  (TestBaseClass.java:85) - Lanching browser :EDGE
2022-02-01 19:06:27,387 +0530 [TestNG-tests-1] INFO  (TestBaseClass.java:110) - Browser Window Closed
2022-02-01 19:06:39,135 +0530 [TestNG-tests-1] INFO  (TestBaseClass.java:67) - Lanching browser :Fire Fox
2022-02-01 19:06:49,235 +0530 [TestNG-tests-1] INFO  (TestBaseClass.java:110) - Browser Window Closed
2022-02-01 19:06:56,504 +0530 [TestNG-tests-1] INFO  (TestBaseClass.java:67) - Lanching browser :Fire Fox
2022-02-01 19:07:04,313 +0530 [TestNG-tests-1] INFO  (TestBaseClass.java:110) - Browser Window Closed
2022-02-01 19:07:09,211 +0530 [TestNG-tests-1] INFO  (TestBaseClass.java:67) - Lanching browser :Fire Fox
2022-02-01 19:07:17,913 +0530 [TestNG-tests-1] INFO  (TestBaseClass.java:110) - Browser Window Closed
2022-02-01 19:07:22,964 +0530 [TestNG-tests-1] INFO  (TestBaseClass.java:67) - Lanching browser :Fire Fox
2022-02-01 19:07:29,978 +0530 [TestNG-tests-1] INFO  (TestBaseClass.java:110) - Browser Window Closed
2022-02-01 19:07:34,905 +0530 [TestNG-tests-1] INFO  (TestBaseClass.java:67) - Lanching browser :Fire Fox
2022-02-01 19:07:41,722 +0530 [TestNG-tests-1] INFO  (TestBaseClass.java:110) - Browser Window Closed
2022-02-01 19:07:46,760 +0530 [TestNG-tests-1] INFO  (TestBaseClass.java:67) - Lanching browser :Fire Fox
2022-02-01 19:07:53,986 +0530 [TestNG-tests-1] INFO  (TestBaseClass.java:110) - Browser Window Closed
2022-02-01 19:07:59,325 +0530 [main] INFO  (TestBaseClass.java:121) - Email report sent
